<?xml version="1.0" encoding="UTF-8"?>
<!-- Generated by org.testng.reporters.JUnitReportReporter -->
<testsuite hostname="STECH-Mallik" failures="0" tests="4" name="com.org.testcases.EnquiryPunchTest" time="45.935" errors="0" timestamp="2021-07-09T19:09:53 IST" skipped="0">
  <testcase classname="com.org.testcases.EnquiryPunchTest" name="loginAppWithInvalidCredentials" time="4.253"/>
  <system-out/>
  <testcase classname="com.org.testcases.EnquiryPunchTest" name="loginWithValidCredentials" time="2.185"/>
  <system-out/>
  <testcase classname="com.org.testcases.EnquiryPunchTest" name="searchItemTest" time="3.016"/>
  <system-out/>
  <testcase classname="com.org.testcases.EnquiryPunchTest" name="newInquiryPunchTest" time="36.481"/>
  <system-out/>
</testsuite> <!-- com.org.testcases.EnquiryPunchTest -->
