<?xml version="1.0" encoding="UTF-8"?>
<!-- Generated by org.testng.reporters.JUnitReportReporter -->
<testsuite hostname="STECH-Mallik" failures="0" tests="3" name="com.org.testcases.PricingTest" time="22.231" errors="0" timestamp="2021-07-08T18:53:05 IST" skipped="0">
  <testcase classname="com.org.testcases.PricingTest" name="loginApp" time="0.141"/>
  <system-out/>
  <testcase classname="com.org.testcases.PricingTest" name="searchItemTest" time="14.359"/>
  <system-out/>
  <testcase classname="com.org.testcases.PricingTest" name="startPricingTest" time="7.731"/>
  <system-out/>
</testsuite> <!-- com.org.testcases.PricingTest -->
