<?xml version="1.0" encoding="UTF-8"?>
<!-- Generated by org.testng.reporters.JUnitReportReporter -->
<testsuite hostname="STECH-Mallik" failures="0" tests="2" name="com.org.testcases.BookingTest" time="16.484" errors="0" timestamp="2021-07-08T20:04:37 IST" skipped="0">
  <testcase classname="com.org.testcases.BookingTest" name="loginApp" time="6.742"/>
  <system-out/>
  <testcase classname="com.org.testcases.BookingTest" name="createBookingTest" time="9.742"/>
  <system-out/>
</testsuite> <!-- com.org.testcases.BookingTest -->
