<?xml version="1.0" encoding="UTF-8"?>
<!-- Generated by org.testng.reporters.JUnitReportReporter -->
<testsuite hostname="STECH-Mallik" failures="0" tests="3" name="com.org.testcases.PricingTest" time="95.868" errors="0" timestamp="2021-07-12T11:57:06 IST" skipped="0">
  <testcase classname="com.org.testcases.PricingTest" name="loginApp" time="0.255"/>
  <system-out/>
  <testcase classname="com.org.testcases.PricingTest" name="searchItemTest" time="8.777"/>
  <system-out/>
  <testcase classname="com.org.testcases.PricingTest" name="startPricingTest" time="86.836"/>
  <system-out/>
</testsuite> <!-- com.org.testcases.PricingTest -->
