<?xml version="1.0" encoding="UTF-8"?>
<!-- Generated by org.testng.reporters.JUnitReportReporter -->
<testsuite hostname="STECH-Mallik" failures="0" tests="1" name="com.org.testcases.TestNGSuiteRunner" time="0.055" errors="0" timestamp="2021-07-09T16:11:33 IST" skipped="0">
  <testcase classname="com.org.testcases.TestNGSuiteRunner" name="loadtest" time="0.055"/>
  <system-out/>
</testsuite> <!-- com.org.testcases.TestNGSuiteRunner -->
