<?xml version="1.0" encoding="UTF-8"?>
<!-- Generated by org.testng.reporters.JUnitReportReporter -->
<testsuite hostname="STECH-Mallik" failures="0" tests="1" name="com.org.pages.ConnectMySQL" time="0.661" errors="0" timestamp="2021-05-16T15:39:18 IST" skipped="0">
  <testcase classname="com.org.pages.ConnectMySQL" name="enquiryDB" time="0.661"/>
  <system-out/>
</testsuite> <!-- com.org.pages.ConnectMySQL -->
