<?xml version="1.0" encoding="UTF-8"?>
<!-- Generated by org.testng.reporters.JUnitReportReporter -->
<testsuite hostname="STECH-Mallik" failures="0" tests="1" name="com.org.testcases.TestNGSuiteRunner" time="253.531" errors="0" timestamp="2021-07-08T18:53:05 IST" skipped="0">
  <testcase classname="com.org.testcases.TestNGSuiteRunner" name="loadtest" time="253.531"/>
  <system-out/>
</testsuite> <!-- com.org.testcases.TestNGSuiteRunner -->
