<?xml version="1.0" encoding="UTF-8"?>
<!-- Generated by org.testng.reporters.JUnitReportReporter -->
<testsuite hostname="STECH-Mallik" failures="0" tests="3" name="com.org.testcases.PricingTest" time="98.010" errors="0" timestamp="2021-07-09T16:22:03 IST" skipped="0">
  <testcase classname="com.org.testcases.PricingTest" name="loginApp" time="0.252"/>
  <system-out/>
  <testcase classname="com.org.testcases.PricingTest" name="searchItemTest" time="11.157"/>
  <system-out/>
  <testcase classname="com.org.testcases.PricingTest" name="startPricingTest" time="86.601"/>
  <system-out/>
</testsuite> <!-- com.org.testcases.PricingTest -->
