<?xml version="1.0" encoding="UTF-8"?>
<!-- Generated by org.testng.reporters.JUnitReportReporter -->
<testsuite hostname="STECH-Mallik" failures="0" tests="4" name="com.org.testcases.EnquiryPunchTest" time="50.798" errors="0" timestamp="2021-07-12T11:54:48 IST" skipped="0">
  <testcase classname="com.org.testcases.EnquiryPunchTest" name="loginAppWithInvalidCredentials" time="4.457"/>
  <system-out/>
  <testcase classname="com.org.testcases.EnquiryPunchTest" name="loginWithValidCredentials" time="2.309"/>
  <system-out/>
  <testcase classname="com.org.testcases.EnquiryPunchTest" name="searchItemTest" time="4.881"/>
  <system-out/>
  <testcase classname="com.org.testcases.EnquiryPunchTest" name="newInquiryPunchTest" time="39.151"/>
  <system-out/>
</testsuite> <!-- com.org.testcases.EnquiryPunchTest -->
