<?xml version="1.0" encoding="UTF-8"?>
<!-- Generated by org.testng.reporters.JUnitReportReporter -->
<testsuite hostname="STECH-Mallik" failures="0" tests="1" name="com.org.testcases.BrokenLink" time="11.742" errors="0" timestamp="2021-07-02T22:49:04 IST" skipped="0">
  <testcase classname="com.org.testcases.BrokenLink" name="testmethod" time="11.742"/>
  <system-out/>
</testsuite> <!-- com.org.testcases.BrokenLink -->
